[2024-02-25 14:59:45,574: WARNING: module_wrapper: From C:\Users\Subhr\anaconda3\Lib\site-packages\keras\src\losses.py:2976: The name tf.losses.sparse_softmax_cross_entropy is deprecated. Please use tf.compat.v1.losses.sparse_softmax_cross_entropy instead.
]
[2024-02-25 14:59:45,933: INFO: utils: Note: NumExpr detected 16 cores but "NUMEXPR_MAX_THREADS" not set, so enforcing safe limit of 8.]
[2024-02-25 14:59:45,943: INFO: utils: NumExpr defaulting to 8 threads.]
[2024-02-25 14:59:49,277: INFO: main: >>>>>> stage Data Ingestion stage started <<<<<<]
[2024-02-25 14:59:49,281: INFO: common: yaml file: config\config.yaml loaded successfully]
[2024-02-25 14:59:49,287: INFO: common: yaml file: params.yaml loaded successfully]
[2024-02-25 14:59:49,287: INFO: common: created directory at: artifacts]
[2024-02-25 14:59:49,287: INFO: common: created directory at: artifacts/data_ingestion]
[2024-02-25 14:59:49,287: INFO: data_ingestion: Downloading data from https://drive.google.com/file/d/1NF_j8W2osQ3Ra0MwiQsAg-EVrN0KgydW/view?usp=sharing into file artifacts/data_ingestion/data.zip]
[2024-02-25 14:59:53,841: INFO: data_ingestion: Downloaded data from https://drive.google.com/file/d/1NF_j8W2osQ3Ra0MwiQsAg-EVrN0KgydW/view?usp=sharing into file artifacts/data_ingestion/data.zip]
[2024-02-25 14:59:54,104: INFO: main: >>>>>> stage Data Ingestion stage completed <<<<<<

x==========x]
[2024-02-25 14:59:54,111: INFO: main: *******************]
[2024-02-25 14:59:54,111: INFO: main: >>>>>> stage Prepare base model started <<<<<<]
[2024-02-25 14:59:54,111: INFO: common: yaml file: config\config.yaml loaded successfully]
[2024-02-25 14:59:54,111: INFO: common: yaml file: params.yaml loaded successfully]
[2024-02-25 14:59:54,122: INFO: common: created directory at: artifacts]
[2024-02-25 14:59:54,122: INFO: common: created directory at: artifacts/prepare_base_model]
[2024-02-25 14:59:54,551: WARNING: module_wrapper: From C:\Users\Subhr\anaconda3\Lib\site-packages\keras\src\backend.py:1398: The name tf.executing_eagerly_outside_functions is deprecated. Please use tf.compat.v1.executing_eagerly_outside_functions instead.
]
[2024-02-25 14:59:54,685: WARNING: module_wrapper: From C:\Users\Subhr\anaconda3\Lib\site-packages\keras\src\layers\pooling\max_pooling2d.py:161: The name tf.nn.max_pool is deprecated. Please use tf.nn.max_pool2d instead.
]
[2024-02-25 14:59:55,337: WARNING: saving_utils: Compiled the loaded model, but the compiled metrics have yet to be built. `model.compile_metrics` will be empty until you train or evaluate the model.]
[2024-02-25 14:59:55,687: INFO: main: >>>>>> stage Prepare base model completed <<<<<<

x==========x]
[2024-02-25 14:59:55,687: INFO: main: *******************]
[2024-02-25 14:59:55,687: INFO: main: >>>>>> stage Training started <<<<<<]
[2024-02-25 14:59:55,694: INFO: common: yaml file: config\config.yaml loaded successfully]
[2024-02-25 14:59:55,694: INFO: common: yaml file: params.yaml loaded successfully]
[2024-02-25 14:59:55,694: INFO: common: created directory at: artifacts]
[2024-02-25 14:59:55,694: INFO: common: created directory at: artifacts\training]
[2024-02-25 14:59:57,368: WARNING: module_wrapper: From C:\Users\Subhr\anaconda3\Lib\site-packages\keras\src\utils\tf_utils.py:492: The name tf.ragged.RaggedTensorValue is deprecated. Please use tf.compat.v1.ragged.RaggedTensorValue instead.
]
[2024-02-25 15:00:05,041: INFO: main: >>>>>> stage Training completed <<<<<<

x==========x]
[2024-02-25 15:00:05,041: INFO: main: *******************]
[2024-02-25 15:00:05,041: INFO: main: >>>>>> stage Evaluation stage started <<<<<<]
[2024-02-25 15:00:05,041: INFO: common: yaml file: config\config.yaml loaded successfully]
[2024-02-25 15:00:05,041: INFO: common: yaml file: params.yaml loaded successfully]
[2024-02-25 15:00:05,041: INFO: common: created directory at: artifacts]
[2024-02-25 15:00:07,664: INFO: common: json file saved at: scores.json]
[2024-02-25 15:00:07,674: INFO: common: json file saved at: scores.json]
[2024-02-25 15:00:07,674: INFO: main: >>>>>> stage Evaluation stage completed <<<<<<

x==========x]
[2024-02-25 19:39:50,743: WARNING: module_wrapper: From C:\Users\Subhr\anaconda3\Lib\site-packages\keras\src\losses.py:2976: The name tf.losses.sparse_softmax_cross_entropy is deprecated. Please use tf.compat.v1.losses.sparse_softmax_cross_entropy instead.
]
[2024-02-25 19:39:50,963: INFO: utils: Note: NumExpr detected 16 cores but "NUMEXPR_MAX_THREADS" not set, so enforcing safe limit of 8.]
[2024-02-25 19:39:50,963: INFO: utils: NumExpr defaulting to 8 threads.]
[2024-02-25 19:39:53,242: INFO: main: >>>>>> stage Data Ingestion stage started <<<<<<]
[2024-02-25 19:39:53,256: INFO: common: yaml file: config\config.yaml loaded successfully]
[2024-02-25 19:39:53,264: INFO: common: yaml file: params.yaml loaded successfully]
[2024-02-25 19:39:53,264: INFO: common: created directory at: artifacts]
[2024-02-25 19:39:53,264: INFO: common: created directory at: artifacts/data_ingestion]
[2024-02-25 19:39:53,264: INFO: data_ingestion: Downloading data from https://drive.google.com/file/d/1NF_j8W2osQ3Ra0MwiQsAg-EVrN0KgydW/view?usp=sharing into file artifacts/data_ingestion/data.zip]
[2024-02-25 19:39:56,506: INFO: data_ingestion: Downloaded data from https://drive.google.com/file/d/1NF_j8W2osQ3Ra0MwiQsAg-EVrN0KgydW/view?usp=sharing into file artifacts/data_ingestion/data.zip]
[2024-02-25 19:39:56,645: INFO: main: >>>>>> stage Data Ingestion stage completed <<<<<<

x==========x]
[2024-02-25 19:39:56,645: INFO: main: *******************]
[2024-02-25 19:39:56,651: INFO: main: >>>>>> stage Prepare base model started <<<<<<]
[2024-02-25 19:39:56,651: INFO: common: yaml file: config\config.yaml loaded successfully]
[2024-02-25 19:39:56,651: INFO: common: yaml file: params.yaml loaded successfully]
[2024-02-25 19:39:56,651: INFO: common: created directory at: artifacts]
[2024-02-25 19:39:56,651: INFO: common: created directory at: artifacts/prepare_base_model]
[2024-02-25 19:39:56,866: WARNING: module_wrapper: From C:\Users\Subhr\anaconda3\Lib\site-packages\keras\src\backend.py:1398: The name tf.executing_eagerly_outside_functions is deprecated. Please use tf.compat.v1.executing_eagerly_outside_functions instead.
]
[2024-02-25 19:39:57,018: WARNING: module_wrapper: From C:\Users\Subhr\anaconda3\Lib\site-packages\keras\src\layers\pooling\max_pooling2d.py:161: The name tf.nn.max_pool is deprecated. Please use tf.nn.max_pool2d instead.
]
[2024-02-25 19:39:57,541: WARNING: saving_utils: Compiled the loaded model, but the compiled metrics have yet to be built. `model.compile_metrics` will be empty until you train or evaluate the model.]
[2024-02-25 19:39:57,777: INFO: main: >>>>>> stage Prepare base model completed <<<<<<

x==========x]
[2024-02-25 19:39:57,777: INFO: main: *******************]
[2024-02-25 19:39:57,777: INFO: main: >>>>>> stage Training started <<<<<<]
[2024-02-25 19:39:57,777: INFO: common: yaml file: config\config.yaml loaded successfully]
[2024-02-25 19:39:57,777: INFO: common: yaml file: params.yaml loaded successfully]
[2024-02-25 19:39:57,777: INFO: common: created directory at: artifacts]
[2024-02-25 19:39:57,786: INFO: common: created directory at: artifacts\training]
[2024-02-25 19:39:58,879: WARNING: module_wrapper: From C:\Users\Subhr\anaconda3\Lib\site-packages\keras\src\utils\tf_utils.py:492: The name tf.ragged.RaggedTensorValue is deprecated. Please use tf.compat.v1.ragged.RaggedTensorValue instead.
]
[2024-02-25 19:40:13,375: INFO: main: >>>>>> stage Training completed <<<<<<

x==========x]
[2024-02-25 19:40:13,375: INFO: main: *******************]
[2024-02-25 19:40:13,375: INFO: main: >>>>>> stage Evaluation stage started <<<<<<]
[2024-02-25 19:40:13,381: INFO: common: yaml file: config\config.yaml loaded successfully]
[2024-02-25 19:40:13,381: INFO: common: yaml file: params.yaml loaded successfully]
[2024-02-25 19:40:13,381: INFO: common: created directory at: artifacts]
[2024-02-25 19:40:18,447: INFO: common: json file saved at: scores.json]
[2024-02-25 19:40:18,449: INFO: common: json file saved at: scores.json]
[2024-02-25 19:40:18,449: INFO: main: >>>>>> stage Evaluation stage completed <<<<<<

x==========x]
[2024-02-25 19:44:56,526: INFO: common: yaml file: config\config.yaml loaded successfully]
[2024-02-25 19:44:56,529: INFO: common: yaml file: params.yaml loaded successfully]
[2024-02-25 19:44:56,531: INFO: common: created directory at: artifacts]
[2024-02-25 19:44:57,829: WARNING: module_wrapper: From c:\Users\Subhr\anaconda3\Lib\site-packages\keras\src\utils\tf_utils.py:492: The name tf.ragged.RaggedTensorValue is deprecated. Please use tf.compat.v1.ragged.RaggedTensorValue instead.
]
[2024-02-25 19:45:03,907: INFO: common: json file saved at: scores.json]
[2024-02-25 19:45:10,202: INFO: builder_impl: Assets written to: C:\Users\Subhr\AppData\Local\Temp\tmpmf3g8kx0\model\data\model\assets]
[2024-02-25 19:51:39,557: INFO: common: yaml file: config\config.yaml loaded successfully]
[2024-02-25 19:51:39,557: INFO: common: yaml file: params.yaml loaded successfully]
[2024-02-25 19:51:39,557: INFO: common: created directory at: artifacts]
[2024-02-25 19:51:46,255: INFO: common: json file saved at: scores.json]
[2024-02-25 19:51:50,794: INFO: builder_impl: Assets written to: C:\Users\Subhr\AppData\Local\Temp\tmpitr_sfbx\model\data\model\assets]
